SF:lib/features/split_bills/domain/entities/bill.dart
DA:13,2
DA:23,1
DA:24,1
DA:25,1
DA:26,1
DA:27,1
DA:28,1
DA:29,1
DA:30,1
DA:31,1
LF:10
LH:10
end_of_record
SF:lib/features/split_bills/domain/entities/bill_participant.dart
DA:7,2
DA:12,1
DA:13,3
LF:3
LH:3
end_of_record
SF:lib/core/error/failure.dart
DA:4,0
DA:8,0
DA:12,0
DA:16,0
LF:4
LH:0
end_of_record
SF:lib/core/usecases/usecase.dart
DA:9,1
LF:1
LH:1
end_of_record
SF:lib/features/split_bills/domain/usecases/add_bill_usecase.dart
DA:11,1
DA:13,0
DA:15,0
DA:22,0
DA:24,0
DA:25,0
LF:6
LH:1
end_of_record
SF:lib/features/split_bills/domain/usecases/get_bills_usecase.dart
DA:10,1
DA:12,0
DA:14,0
LF:3
LH:1
end_of_record
